<?xml version="1.0" encoding="UTF-8"?>
<testng-results ignored="0" total="0" passed="0" failed="0" skipped="0">
  <reporter-output>
  </reporter-output>
  <suite started-at="2022-06-06T17:55:23 WAT" name="Suite" finished-at="2022-06-06T17:55:23 WAT" duration-ms="279">
    <groups>
      <group name="cucumber">
        <method signature="AbstractTestNGCucumberTests.runScenario(io.cucumber.testng.PickleWrapper,io.cucumber.testng.FeatureWrapper)[pri:0, instance:TestRunnerpackage.TestRunner@5c86a017]" name="runScenario" class="io.cucumber.testng.AbstractTestNGCucumberTests"/>
      </group> <!-- cucumber -->
    </groups>
    <test started-at="2022-06-06T17:55:23 WAT" name="Validate Login" finished-at="2022-06-06T17:55:23 WAT" duration-ms="279">
      <class name="TestRunnerpackage.TestRunner">
        <test-method is-config="true" signature="setUpClass()[pri:0, instance:TestRunnerpackage.TestRunner@5c86a017]" started-at="2022-06-06T17:55:23 WAT" name="setUpClass" finished-at="2022-06-06T17:55:23 WAT" duration-ms="235" status="PASS">
          <reporter-output>
          </reporter-output>
        </test-method> <!-- setUpClass -->
        <test-method is-config="true" signature="tearDownClass()[pri:0, instance:TestRunnerpackage.TestRunner@5c86a017]" started-at="2022-06-06T17:55:23 WAT" name="tearDownClass" finished-at="2022-06-06T17:55:23 WAT" duration-ms="17" status="PASS">
          <reporter-output>
          </reporter-output>
        </test-method> <!-- tearDownClass -->
      </class> <!-- TestRunnerpackage.TestRunner -->
    </test> <!-- Validate Login -->
  </suite> <!-- Suite -->
</testng-results>
